2015.12.03 17:56:57	1	Начало экспорта БД `adena`
2015.12.03 17:56:57	1	Экспорт таблицы `wp_commentmeta`
2015.12.03 17:56:57	1	Экспорт таблицы `wp_comments`
2015.12.03 17:56:57	1	Экспорт таблицы `wp_links`
2015.12.03 17:56:57	1	Экспорт таблицы `wp_options`
2015.12.03 17:56:57	1	Экспорт таблицы `wp_postmeta`
2015.12.03 17:56:57	1	Экспорт таблицы `wp_posts`
2015.12.03 17:56:57	1	Экспорт таблицы `wp_term_relationships`
2015.12.03 17:56:57	1	Экспорт таблицы `wp_term_taxonomy`
2015.12.03 17:56:57	1	Экспорт таблицы `wp_terms`
2015.12.03 17:56:57	1	Экспорт таблицы `wp_uam_accessgroup_to_object`
2015.12.03 17:56:57	1	Экспорт таблицы `wp_uam_accessgroups`
2015.12.03 17:56:57	1	Экспорт таблицы `wp_usermeta`
2015.12.03 17:56:57	1	Экспорт таблицы `wp_users`
2015.12.03 17:56:57	1	Экспорт таблицы `wp_woocommerce_api_keys`
2015.12.03 17:56:57	1	Экспорт таблицы `wp_woocommerce_attribute_taxonomies`
2015.12.03 17:56:57	1	Экспорт таблицы `wp_woocommerce_downloadable_product_permissions`
2015.12.03 17:56:57	1	Экспорт таблицы `wp_woocommerce_order_itemmeta`
2015.12.03 17:56:57	1	Экспорт таблицы `wp_woocommerce_order_items`
2015.12.03 17:56:57	1	Экспорт таблицы `wp_woocommerce_tax_rate_locations`
2015.12.03 17:56:57	1	Экспорт таблицы `wp_woocommerce_tax_rates`
2015.12.03 17:56:57	1	Экспорт таблицы `wp_woocommerce_termmeta`
2015.12.03 17:56:57	1	Резервная копия БД `adena` создана.
